<?xml version="1.0" encoding="UTF-8"?>
<!-- Generated by org.testng.reporters.JUnitXMLReporter -->
<testsuite hostname="LAPTOP-I5LCVM9M" name="Default test" tests="5" failures="0" timestamp="10 Apr 2021 07:08:55 GMT" time="0.032" errors="0">
  <testcase name="testAddUser" time="0.007" classname="com.myapp.demo.UserMangerTest"/>
  <testcase name="testDeleteUser" time="0.001" classname="com.myapp.demo.UserMangerTest"/>
  <testcase name="testGetUser" time="0.001" classname="com.myapp.demo.UserMangerTest"/>
  <testcase name="testGetall" time="0.001" classname="com.myapp.demo.UserMangerTest"/>
  <testcase name="testNonExistingUser" time="0.001" classname="com.myapp.demo.UserMangerTest"/>
</testsuite> <!-- Default test -->
