<?xml version="1.0" encoding="UTF-8"?>
<testng-results skipped="0" failed="0" total="5" passed="5">
  <reporter-output>
  </reporter-output>
  <suite name="Default suite" duration-ms="32" started-at="2021-04-10T07:08:55Z" finished-at="2021-04-10T07:08:55Z">
    <groups>
    </groups>
    <test name="Default test" duration-ms="32" started-at="2021-04-10T07:08:55Z" finished-at="2021-04-10T07:08:55Z">
      <class name="com.myapp.demo.UserMangerTest">
        <test-method status="PASS" signature="setUpBeforeClass()[pri:0, instance:com.myapp.demo.UserMangerTest@1f]" name="setUpBeforeClass" is-config="true" duration-ms="4" started-at="2021-04-10T12:38:55Z" finished-at="2021-04-10T12:38:55Z">
          <reporter-output>
          </reporter-output>
        </test-method> <!-- setUpBeforeClass -->
        <test-method status="PASS" signature="setUp()[pri:0, instance:com.myapp.demo.UserMangerTest@1f]" name="setUp" is-config="true" duration-ms="1" started-at="2021-04-10T12:38:55Z" finished-at="2021-04-10T12:38:55Z">
          <reporter-output>
          </reporter-output>
        </test-method> <!-- setUp -->
        <test-method status="PASS" signature="testAddUser()[pri:0, instance:com.myapp.demo.UserMangerTest@1f]" name="testAddUser" duration-ms="7" started-at="2021-04-10T12:38:55Z" finished-at="2021-04-10T12:38:55Z">
          <reporter-output>
          </reporter-output>
        </test-method> <!-- testAddUser -->
        <test-method status="PASS" signature="testDeleteUser()[pri:0, instance:com.myapp.demo.UserMangerTest@1f]" name="testDeleteUser" duration-ms="1" started-at="2021-04-10T12:38:55Z" finished-at="2021-04-10T12:38:55Z">
          <reporter-output>
          </reporter-output>
        </test-method> <!-- testDeleteUser -->
        <test-method status="PASS" signature="setUp()[pri:0, instance:com.myapp.demo.UserMangerTest@1f]" name="setUp" is-config="true" duration-ms="0" started-at="2021-04-10T12:38:55Z" finished-at="2021-04-10T12:38:55Z">
          <reporter-output>
          </reporter-output>
        </test-method> <!-- setUp -->
        <test-method status="PASS" signature="tearDown()[pri:0, instance:com.myapp.demo.UserMangerTest@1f]" name="tearDown" is-config="true" duration-ms="0" started-at="2021-04-10T12:38:55Z" finished-at="2021-04-10T12:38:55Z">
          <reporter-output>
          </reporter-output>
        </test-method> <!-- tearDown -->
        <test-method status="PASS" signature="tearDown()[pri:0, instance:com.myapp.demo.UserMangerTest@1f]" name="tearDown" is-config="true" duration-ms="0" started-at="2021-04-10T12:38:55Z" finished-at="2021-04-10T12:38:55Z">
          <reporter-output>
          </reporter-output>
        </test-method> <!-- tearDown -->
        <test-method status="PASS" signature="setUp()[pri:0, instance:com.myapp.demo.UserMangerTest@1f]" name="setUp" is-config="true" duration-ms="0" started-at="2021-04-10T12:38:55Z" finished-at="2021-04-10T12:38:55Z">
          <reporter-output>
          </reporter-output>
        </test-method> <!-- setUp -->
        <test-method status="PASS" signature="testGetUser()[pri:0, instance:com.myapp.demo.UserMangerTest@1f]" name="testGetUser" duration-ms="1" started-at="2021-04-10T12:38:55Z" finished-at="2021-04-10T12:38:55Z">
          <reporter-output>
          </reporter-output>
        </test-method> <!-- testGetUser -->
        <test-method status="PASS" signature="tearDown()[pri:0, instance:com.myapp.demo.UserMangerTest@1f]" name="tearDown" is-config="true" duration-ms="0" started-at="2021-04-10T12:38:55Z" finished-at="2021-04-10T12:38:55Z">
          <reporter-output>
          </reporter-output>
        </test-method> <!-- tearDown -->
        <test-method status="PASS" signature="testGetall()[pri:0, instance:com.myapp.demo.UserMangerTest@1f]" name="testGetall" duration-ms="1" started-at="2021-04-10T12:38:55Z" finished-at="2021-04-10T12:38:55Z">
          <reporter-output>
          </reporter-output>
        </test-method> <!-- testGetall -->
        <test-method status="PASS" signature="setUp()[pri:0, instance:com.myapp.demo.UserMangerTest@1f]" name="setUp" is-config="true" duration-ms="0" started-at="2021-04-10T12:38:55Z" finished-at="2021-04-10T12:38:55Z">
          <reporter-output>
          </reporter-output>
        </test-method> <!-- setUp -->
        <test-method status="PASS" signature="testNonExistingUser()[pri:0, instance:com.myapp.demo.UserMangerTest@1f]" name="testNonExistingUser" duration-ms="1" started-at="2021-04-10T12:38:55Z" finished-at="2021-04-10T12:38:55Z">
          <reporter-output>
          </reporter-output>
        </test-method> <!-- testNonExistingUser -->
        <test-method status="PASS" signature="setUp()[pri:0, instance:com.myapp.demo.UserMangerTest@1f]" name="setUp" is-config="true" duration-ms="0" started-at="2021-04-10T12:38:55Z" finished-at="2021-04-10T12:38:55Z">
          <reporter-output>
          </reporter-output>
        </test-method> <!-- setUp -->
        <test-method status="PASS" signature="tearDown()[pri:0, instance:com.myapp.demo.UserMangerTest@1f]" name="tearDown" is-config="true" duration-ms="0" started-at="2021-04-10T12:38:55Z" finished-at="2021-04-10T12:38:55Z">
          <reporter-output>
          </reporter-output>
        </test-method> <!-- tearDown -->
        <test-method status="PASS" signature="tearDownAfterClass()[pri:0, instance:com.myapp.demo.UserMangerTest@1f]" name="tearDownAfterClass" is-config="true" duration-ms="0" started-at="2021-04-10T12:38:55Z" finished-at="2021-04-10T12:38:55Z">
          <reporter-output>
          </reporter-output>
        </test-method> <!-- tearDownAfterClass -->
        <test-method status="PASS" signature="tearDown()[pri:0, instance:com.myapp.demo.UserMangerTest@1f]" name="tearDown" is-config="true" duration-ms="0" started-at="2021-04-10T12:38:55Z" finished-at="2021-04-10T12:38:55Z">
          <reporter-output>
          </reporter-output>
        </test-method> <!-- tearDown -->
      </class> <!-- com.myapp.demo.UserMangerTest -->
    </test> <!-- Default test -->
  </suite> <!-- Default suite -->
</testng-results>
